<testsuite failures="0" name="src/test/java/feature/getcall.feature" skipped="0" tests="2" time="1.586448">
  <testcase classname="src.test.java.feature.getcall" name="List of All Users" time="1.450638">
    <system-out>* url 'https://reqres.in' ................................................. passed
* header Content-Type = 'application/json' ................................ passed
Given path 'api/users?page=2' ............................................. passed
When method GET ........................................................... passed
Then status 200 ........................................................... passed</system-out>
  </testcase>
  <testcase classname="src.test.java.feature.getcall" name="Single User" time="0.13581">
    <system-out>* url 'https://reqres.in' ................................................. passed
* header Content-Type = 'application/json' ................................ passed
Given path 'api/users?page=2' ............................................. passed
When method GET ........................................................... passed
Then status 200 ........................................................... passed
* url 'https://reqres.in' ................................................. passed
* header Content-Type = 'application/json' ................................ passed
Given path 'api/users/2' .................................................. passed
When method GET ........................................................... passed
Then assert responseStatus == 200 || responseStatus == 204 ................ passed</system-out>
  </testcase>
</testsuite>
